{"C:\\Dev\\cordova-sqlite-utility\\src\\sqlite-store.ts": {"path":"C:\\Dev\\cordova-sqlite-utility\\src\\sqlite-store.ts","statementMap":{"0":{"start":{"line":4,"column":0},"end":{"line":4,"column":13}},"1":{"start":{"line":15,"column":16},"end":{"line":21,"column":null}},"2":{"start":{"line":16,"column":4},"end":{"line":18,"column":null}},"3":{"start":{"line":17,"column":6},"end":{"line":17,"column":13}},"4":{"start":{"line":20,"column":4},"end":{"line":20,"column":53}},"5":{"start":{"line":28,"column":16},"end":{"line":34,"column":null}},"6":{"start":{"line":29,"column":4},"end":{"line":31,"column":null}},"7":{"start":{"line":30,"column":6},"end":{"line":30,"column":13}},"8":{"start":{"line":33,"column":4},"end":{"line":33,"column":54}},"9":{"start":{"line":8,"column":17},"end":{"line":8,"column":60}},"10":{"start":{"line":35,"column":0},"end":{"line":35,"column":null}},"11":{"start":{"line":4,"column":13},"end":{"line":4,"column":24}}},"fnMap":{"0":{"name":"(anonymous_0)","decl":{"start":{"line":4,"column":0},"end":{"line":4,"column":13}},"loc":{"start":{"line":4,"column":0},"end":{"line":4,"column":13}}},"1":{"name":"(anonymous_2)","decl":{"start":{"line":15,"column":2},"end":{"line":15,"column":16}},"loc":{"start":{"line":15,"column":32},"end":{"line":21,"column":3}}},"2":{"name":"(anonymous_3)","decl":{"start":{"line":28,"column":2},"end":{"line":28,"column":16}},"loc":{"start":{"line":28,"column":57},"end":{"line":34,"column":3}}}},"branchMap":{"0":{"loc":{"start":{"line":16,"column":4},"end":{"line":18,"column":null}},"type":"if","locations":[{"start":{"line":16,"column":4},"end":{"line":18,"column":null}},{"start":{"line":16,"column":4},"end":{"line":18,"column":null}}]},"1":{"loc":{"start":{"line":20,"column":11},"end":{"line":20,"column":39}},"type":"binary-expr","locations":[{"start":{"line":20,"column":11},"end":{"line":20,"column":39}},{"start":{"line":20,"column":43},"end":{"line":20,"column":52}}]},"2":{"loc":{"start":{"line":29,"column":4},"end":{"line":31,"column":null}},"type":"if","locations":[{"start":{"line":29,"column":4},"end":{"line":31,"column":null}},{"start":{"line":29,"column":4},"end":{"line":31,"column":null}}]}},"s":{"0":1,"1":1,"2":5,"3":0,"4":5,"5":1,"6":0,"7":0,"8":0,"9":1,"10":1,"11":1},"f":{"0":1,"1":5,"2":0},"b":{"0":[0,5],"1":[5,5],"2":[0,0]}}
,"C:\\Dev\\cordova-sqlite-utility\\src\\sqlite-utility.ts": {"path":"C:\\Dev\\cordova-sqlite-utility\\src\\sqlite-utility.ts","statementMap":{"0":{"start":{"line":1,"column":0},"end":{"line":1,"column":69}},"1":{"start":{"line":4,"column":0},"end":{"line":4,"column":45}},"2":{"start":{"line":9,"column":0},"end":{"line":9,"column":13}},"3":{"start":{"line":21,"column":16},"end":{"line":66,"column":null}},"4":{"start":{"line":23,"column":30},"end":{"line":23,"column":32}},"5":{"start":{"line":24,"column":22},"end":{"line":24,"column":69}},"6":{"start":{"line":25,"column":33},"end":{"line":25,"column":55}},"7":{"start":{"line":26,"column":31},"end":{"line":26,"column":33}},"8":{"start":{"line":29,"column":4},"end":{"line":58,"column":null}},"9":{"start":{"line":30,"column":23},"end":{"line":30,"column":39}},"10":{"start":{"line":33,"column":6},"end":{"line":40,"column":null}},"11":{"start":{"line":34,"column":8},"end":{"line":36,"column":10}},"12":{"start":{"line":35,"column":33},"end":{"line":35,"column":null}},"13":{"start":{"line":37,"column":8},"end":{"line":37,"column":50}},"14":{"start":{"line":38,"column":8},"end":{"line":38,"column":67}},"15":{"start":{"line":38,"column":50},"end":{"line":38,"column":54}},"16":{"start":{"line":39,"column":8},"end":{"line":39,"column":17}},"17":{"start":{"line":43,"column":6},"end":{"line":45,"column":null}},"18":{"start":{"line":44,"column":8},"end":{"line":44,"column":21}},"19":{"start":{"line":48,"column":6},"end":{"line":50,"column":null}},"20":{"start":{"line":49,"column":8},"end":{"line":49,"column":30}},"21":{"start":{"line":53,"column":6},"end":{"line":55,"column":null}},"22":{"start":{"line":54,"column":8},"end":{"line":54,"column":36}},"23":{"start":{"line":57,"column":6},"end":{"line":57,"column":31}},"24":{"start":{"line":61,"column":4},"end":{"line":61,"column":71}},"25":{"start":{"line":61,"column":32},"end":{"line":61,"column":70}},"26":{"start":{"line":62,"column":4},"end":{"line":62,"column":48}},"27":{"start":{"line":63,"column":4},"end":{"line":63,"column":21}},"28":{"start":{"line":65,"column":4},"end":{"line":65,"column":31}},"29":{"start":{"line":14,"column":26},"end":{"line":14,"column":55}},"30":{"start":{"line":67,"column":0},"end":{"line":67,"column":null}},"31":{"start":{"line":9,"column":13},"end":{"line":9,"column":26}}},"fnMap":{"0":{"name":"(anonymous_0)","decl":{"start":{"line":9,"column":0},"end":{"line":9,"column":13}},"loc":{"start":{"line":9,"column":0},"end":{"line":9,"column":13}}},"1":{"name":"(anonymous_2)","decl":{"start":{"line":21,"column":2},"end":{"line":21,"column":16}},"loc":{"start":{"line":21,"column":50},"end":{"line":66,"column":3}}},"2":{"name":"(anonymous_3)","decl":{"start":{"line":35,"column":10},"end":{"line":35,"column":11}},"loc":{"start":{"line":35,"column":28},"end":{"line":35,"column":37}}},"3":{"name":"(anonymous_4)","decl":{"start":{"line":38,"column":44},"end":{"line":38,"column":50}},"loc":{"start":{"line":38,"column":44},"end":{"line":38,"column":53}}},"4":{"name":"(anonymous_5)","decl":{"start":{"line":61,"column":22},"end":{"line":61,"column":23}},"loc":{"start":{"line":61,"column":27},"end":{"line":61,"column":33}}}},"branchMap":{"0":{"loc":{"start":{"line":24,"column":22},"end":{"line":24,"column":52}},"type":"binary-expr","locations":[{"start":{"line":24,"column":22},"end":{"line":24,"column":52}},{"start":{"line":24,"column":56},"end":{"line":24,"column":69}}]},"1":{"loc":{"start":{"line":25,"column":33},"end":{"line":25,"column":49}},"type":"binary-expr","locations":[{"start":{"line":25,"column":33},"end":{"line":25,"column":49}},{"start":{"line":25,"column":53},"end":{"line":25,"column":55}}]},"2":{"loc":{"start":{"line":33,"column":6},"end":{"line":40,"column":null}},"type":"if","locations":[{"start":{"line":33,"column":6},"end":{"line":40,"column":null}},{"start":{"line":33,"column":6},"end":{"line":40,"column":null}}]},"3":{"loc":{"start":{"line":43,"column":6},"end":{"line":45,"column":null}},"type":"if","locations":[{"start":{"line":43,"column":6},"end":{"line":45,"column":null}},{"start":{"line":43,"column":6},"end":{"line":45,"column":null}}]},"4":{"loc":{"start":{"line":48,"column":6},"end":{"line":50,"column":null}},"type":"if","locations":[{"start":{"line":48,"column":6},"end":{"line":50,"column":null}},{"start":{"line":48,"column":6},"end":{"line":50,"column":null}}]},"5":{"loc":{"start":{"line":49,"column":24},"end":{"line":49,"column":25}},"type":"cond-expr","locations":[{"start":{"line":49,"column":24},"end":{"line":49,"column":25}},{"start":{"line":49,"column":28},"end":{"line":49,"column":29}}]},"6":{"loc":{"start":{"line":53,"column":6},"end":{"line":55,"column":null}},"type":"if","locations":[{"start":{"line":53,"column":6},"end":{"line":55,"column":null}},{"start":{"line":53,"column":6},"end":{"line":55,"column":null}}]}},"s":{"0":1,"1":1,"2":1,"3":1,"4":5,"5":5,"6":5,"7":5,"8":5,"9":6,"10":6,"11":1,"12":3,"13":1,"14":1,"15":3,"16":1,"17":5,"18":1,"19":5,"20":2,"21":5,"22":1,"23":5,"24":5,"25":1,"26":5,"27":5,"28":5,"29":1,"30":1,"31":1},"f":{"0":1,"1":5,"2":3,"3":3,"4":1},"b":{"0":[5,5],"1":[5,0],"2":[1,5],"3":[1,4],"4":[2,3],"5":[2,0],"6":[1,4]}}
}
