TN:
SF:src\sqlite-store.ts
FN:4,(anonymous_0)
FN:15,(anonymous_2)
FN:28,(anonymous_3)
FNF:3
FNH:2
FNDA:1,(anonymous_0)
FNDA:5,(anonymous_2)
FNDA:0,(anonymous_3)
DA:4,1
DA:8,1
DA:15,1
DA:16,5
DA:17,0
DA:20,5
DA:28,1
DA:29,0
DA:30,0
DA:33,0
DA:35,1
LF:11
LH:7
BRDA:16,0,0,0
BRDA:16,0,1,5
BRDA:20,1,0,5
BRDA:20,1,1,5
BRDA:29,2,0,0
BRDA:29,2,1,0
BRF:6
BRH:3
end_of_record
TN:
SF:src\sqlite-utility.ts
FN:9,(anonymous_0)
FN:21,(anonymous_2)
FN:35,(anonymous_3)
FN:38,(anonymous_4)
FN:61,(anonymous_5)
FNF:5
FNH:5
FNDA:1,(anonymous_0)
FNDA:5,(anonymous_2)
FNDA:3,(anonymous_3)
FNDA:3,(anonymous_4)
FNDA:1,(anonymous_5)
DA:1,1
DA:4,1
DA:9,1
DA:14,1
DA:21,1
DA:23,5
DA:24,5
DA:25,5
DA:26,5
DA:29,5
DA:30,6
DA:33,6
DA:34,1
DA:35,3
DA:37,1
DA:38,3
DA:39,1
DA:43,5
DA:44,1
DA:48,5
DA:49,2
DA:53,5
DA:54,1
DA:57,5
DA:61,5
DA:62,5
DA:63,5
DA:65,5
DA:67,1
LF:29
LH:29
BRDA:24,0,0,5
BRDA:24,0,1,5
BRDA:25,1,0,5
BRDA:25,1,1,0
BRDA:33,2,0,1
BRDA:33,2,1,5
BRDA:43,3,0,1
BRDA:43,3,1,4
BRDA:48,4,0,2
BRDA:48,4,1,3
BRDA:49,5,0,2
BRDA:49,5,1,0
BRDA:53,6,0,1
BRDA:53,6,1,4
BRF:14
BRH:12
end_of_record
